<html>
<head>
<title>TestNG:  Command line test</title>
<link href="../testng.css" rel="stylesheet" type="text/css" />
<link href="../my-testng.css" rel="stylesheet" type="text/css" />

<style type="text/css">
.log { display: none;} 
.stack-trace { display: none;} 
</style>
<script type="text/javascript">
<!--
function flip(e) {
  current = e.style.display;
  if (current == 'block') {
    e.style.display = 'none';
    return 0;
  }
  else {
    e.style.display = 'block';
    return 1;
  }
}

function toggleBox(szDivId, elem, msg1, msg2)
{
  var res = -1;  if (document.getElementById) {
    res = flip(document.getElementById(szDivId));
  }
  else if (document.all) {
    // this is the way old msie versions work
    res = flip(document.all[szDivId]);
  }
  if(elem) {
    if(res == 0) elem.innerHTML = msg1; else elem.innerHTML = msg2;
  }

}

function toggleAllBoxes() {
  if (document.getElementsByTagName) {
    d = document.getElementsByTagName('div');
    for (i = 0; i < d.length; i++) {
      if (d[i].className == 'log') {
        flip(d[i]);
      }
    }
  }
}

// -->
</script>

</head>
<body>
<h2 align='center'>Command line test</h2><table border='1' align="center">
<tr>
<td>Tests passed/Failed/Skipped:</td><td>4/1/0</td>
</tr><tr>
<td>Started on:</td><td>Mon Sep 09 23:08:00 IST 2019</td>
</tr>
<tr><td>Total time:</td><td>93 seconds (93240 ms)</td>
</tr><tr>
<td>Included groups:</td><td></td>
</tr><tr>
<td>Excluded groups:</td><td></td>
</tr>
</table><p/>
<small><i>(Hover the method name to see the test class name)</i></small><p/>
<table width='100%' border='1' class='invocation-failed'>
<tr><td colspan='4' align='center'><b>FAILED TESTS</b></td></tr>
<tr><td><b>Test method</b></td>
<td width="30%"><b>Exception</b></td>
<td width="10%"><b>Time (seconds)</b></td>
<td><b>Instance</b></td>
</tr>
<tr>
<td title='com.automationpractice.qa.testcases.Testcases.AutomationPractice_TC05()'><b>AutomationPractice_TC05</b><br>Test class: com.automationpractice.qa.testcases.Testcases</td>
<td><div><pre>java.lang.AssertionError: The following asserts failed:
	Invalid email address. expected [Invalid email address.] but found [123456]
	at com.automationpractice.qa.pages.AccountLoginPage.LoginFail(AccountLoginPage.java:95)
	at com.automationpractice.qa.testcases.Testcases.AutomationPractice_TC05(Testcases.java:115)
... Removed 35 stack frames</pre></div><a href='#' onClick='toggleBox("stack-trace769877691", this, "Click to show all stack frames", "Click to hide stack frames")'>Click to show all stack frames</a>
<div class='stack-trace' id='stack-trace769877691'><pre>java.lang.AssertionError: The following asserts failed:
	Invalid email address. expected [Invalid email address.] but found [123456]
	at org.testng.asserts.SoftAssert.assertAll(SoftAssert.java:43)
	at com.automationpractice.qa.pages.AccountLoginPage.LoginFail(AccountLoginPage.java:95)
	at com.automationpractice.qa.testcases.Testcases.AutomationPractice_TC05(Testcases.java:115)
	at sun.reflect.NativeMethodAccessorImpl.invoke0(Native Method)
	at sun.reflect.NativeMethodAccessorImpl.invoke(NativeMethodAccessorImpl.java:62)
	at sun.reflect.DelegatingMethodAccessorImpl.invoke(DelegatingMethodAccessorImpl.java:43)
	at java.lang.reflect.Method.invoke(Method.java:498)
	at org.testng.internal.MethodInvocationHelper.invokeMethod(MethodInvocationHelper.java:108)
	at org.testng.internal.Invoker.invokeMethod(Invoker.java:661)
	at org.testng.internal.Invoker.invokeTestMethod(Invoker.java:869)
	at org.testng.internal.Invoker.invokeTestMethods(Invoker.java:1193)
	at org.testng.internal.TestMethodWorker.invokeTestMethods(TestMethodWorker.java:126)
	at org.testng.internal.TestMethodWorker.run(TestMethodWorker.java:109)
	at org.testng.TestRunner.privateRun(TestRunner.java:744)
	at org.testng.TestRunner.run(TestRunner.java:602)
	at org.testng.SuiteRunner.runTest(SuiteRunner.java:380)
	at org.testng.SuiteRunner.runSequentially(SuiteRunner.java:375)
	at org.testng.SuiteRunner.privateRun(SuiteRunner.java:340)
	at org.testng.SuiteRunner.run(SuiteRunner.java:289)
	at org.testng.SuiteRunnerWorker.runSuite(SuiteRunnerWorker.java:52)
	at org.testng.SuiteRunnerWorker.run(SuiteRunnerWorker.java:86)
	at org.testng.TestNG.runSuitesSequentially(TestNG.java:1301)
	at org.testng.TestNG.runSuitesLocally(TestNG.java:1226)
	at org.testng.TestNG.runSuites(TestNG.java:1144)
	at org.testng.TestNG.run(TestNG.java:1115)
	at org.apache.maven.surefire.testng.TestNGExecutor.run(TestNGExecutor.java:77)
	at org.apache.maven.surefire.testng.TestNGDirectoryTestSuite.execute(TestNGDirectoryTestSuite.java:110)
	at org.apache.maven.surefire.testng.TestNGProvider.invoke(TestNGProvider.java:106)
	at sun.reflect.NativeMethodAccessorImpl.invoke0(Native Method)
	at sun.reflect.NativeMethodAccessorImpl.invoke(NativeMethodAccessorImpl.java:62)
	at sun.reflect.DelegatingMethodAccessorImpl.invoke(DelegatingMethodAccessorImpl.java:43)
	at java.lang.reflect.Method.invoke(Method.java:498)
	at org.apache.maven.surefire.util.ReflectionUtils.invokeMethodWithArray(ReflectionUtils.java:189)
	at org.apache.maven.surefire.booter.ProviderFactory$ProviderProxy.invoke(ProviderFactory.java:165)
	at org.apache.maven.surefire.booter.ProviderFactory.invokeProvider(ProviderFactory.java:85)
	at org.apache.maven.surefire.booter.ForkedBooter.runSuitesInProcess(ForkedBooter.java:115)
	at org.apache.maven.surefire.booter.ForkedBooter.main(ForkedBooter.java:75)
</pre></div></td>
<td>1</td>
<td>com.automationpractice.qa.testcases.Testcases@553f17c</td></tr>
</table><p>
<table width='100%' border='1' class='invocation-passed'>
<tr><td colspan='4' align='center'><b>PASSED TESTS</b></td></tr>
<tr><td><b>Test method</b></td>
<td width="30%"><b>Exception</b></td>
<td width="10%"><b>Time (seconds)</b></td>
<td><b>Instance</b></td>
</tr>
<tr>
<td title='com.automationpractice.qa.testcases.Testcases.AutomationPractice_TC01()'><b>AutomationPractice_TC01</b><br>Test class: com.automationpractice.qa.testcases.Testcases<br>Parameters: ABCD, CBDE, 25.0, October, 2000.0, ABC Corp., ABCD, Miami, Florida, 33109.0, 1234.0, 3456.0, Tampa, Florida</td>
<td></td>
<td>57</td>
<td>com.automationpractice.qa.testcases.Testcases@553f17c</td></tr>
<tr>
<td title='com.automationpractice.qa.testcases.Testcases.AutomationPractice_TC02()'><b>AutomationPractice_TC02</b><br>Test class: com.automationpractice.qa.testcases.Testcases</td>
<td></td>
<td>3</td>
<td>com.automationpractice.qa.testcases.Testcases@553f17c</td></tr>
<tr>
<td title='com.automationpractice.qa.testcases.Testcases.AutomationPractice_TC03()'><b>AutomationPractice_TC03</b><br>Test class: com.automationpractice.qa.testcases.Testcases</td>
<td></td>
<td>25</td>
<td>com.automationpractice.qa.testcases.Testcases@553f17c</td></tr>
<tr>
<td title='com.automationpractice.qa.testcases.Testcases.AutomationPractice_TC04()'><b>AutomationPractice_TC04</b><br>Test class: com.automationpractice.qa.testcases.Testcases</td>
<td></td>
<td>4</td>
<td>com.automationpractice.qa.testcases.Testcases@553f17c</td></tr>
</table><p>
</body>
</html>