<?xml version="1.0" encoding="UTF-8"?>
<testng-results skipped="0" failed="1" ignored="0" total="5" passed="4">
  <reporter-output>
  </reporter-output>
  <suite name="com.automationpractice.qa.testcases.Testcases" duration-ms="93240" started-at="2019-09-09T17:38:00Z" finished-at="2019-09-09T17:39:34Z">
    <groups>
    </groups>
    <test name="Command line test" duration-ms="93240" started-at="2019-09-09T17:38:00Z" finished-at="2019-09-09T17:39:34Z">
      <class name="com.automationpractice.qa.testcases.Testcases">
        <test-method status="PASS" signature="AutomationPractice_TC01(java.lang.String, java.lang.String, java.lang.String, java.lang.String, java.lang.String, java.lang.String, java.lang.String, java.lang.String, java.lang.String, java.lang.String, java.lang.String, java.lang.String, java.lang.String)[pri:1, instance:com.automationpractice.qa.testcases.Testcases@553f17c]" name="AutomationPractice_TC01" duration-ms="57335" started-at="2019-09-09T23:08:01Z" data-provider="getCRMTestData" finished-at="2019-09-09T23:08:59Z">
          <params>
            <param index="0">
              <value>
                <![CDATA[ABCD]]>
              </value>
            </param>
            <param index="1">
              <value>
                <![CDATA[CBDE]]>
              </value>
            </param>
            <param index="2">
              <value>
                <![CDATA[25.0]]>
              </value>
            </param>
            <param index="3">
              <value>
                <![CDATA[October]]>
              </value>
            </param>
            <param index="4">
              <value>
                <![CDATA[2000.0]]>
              </value>
            </param>
            <param index="5">
              <value>
                <![CDATA[ABC Corp.]]>
              </value>
            </param>
            <param index="6">
              <value>
                <![CDATA[ABCD]]>
              </value>
            </param>
            <param index="7">
              <value>
                <![CDATA[Miami]]>
              </value>
            </param>
            <param index="8">
              <value>
                <![CDATA[Florida]]>
              </value>
            </param>
            <param index="9">
              <value>
                <![CDATA[33109.0]]>
              </value>
            </param>
            <param index="10">
              <value>
                <![CDATA[1234.0]]>
              </value>
            </param>
            <param index="11">
              <value>
                <![CDATA[3456.0]]>
              </value>
            </param>
            <param index="12">
              <value>
                <![CDATA[Tampa, Florida]]>
              </value>
            </param>
          </params>
          <reporter-output>
          </reporter-output>
        </test-method> <!-- AutomationPractice_TC01 -->
        <test-method status="PASS" signature="AutomationPractice_TC02()[pri:2, instance:com.automationpractice.qa.testcases.Testcases@553f17c]" name="AutomationPractice_TC02" duration-ms="3257" started-at="2019-09-09T23:08:59Z" depends-on-methods="com.automationpractice.qa.testcases.Testcases.AutomationPractice_TC01" finished-at="2019-09-09T23:09:02Z">
          <reporter-output>
          </reporter-output>
        </test-method> <!-- AutomationPractice_TC02 -->
        <test-method status="PASS" signature="AutomationPractice_TC03()[pri:3, instance:com.automationpractice.qa.testcases.Testcases@553f17c]" name="AutomationPractice_TC03" duration-ms="25487" started-at="2019-09-09T23:09:02Z" depends-on-methods="com.automationpractice.qa.testcases.Testcases.AutomationPractice_TC02" finished-at="2019-09-09T23:09:27Z">
          <reporter-output>
          </reporter-output>
        </test-method> <!-- AutomationPractice_TC03 -->
        <test-method status="PASS" signature="AutomationPractice_TC04()[pri:4, instance:com.automationpractice.qa.testcases.Testcases@553f17c]" name="AutomationPractice_TC04" duration-ms="4830" started-at="2019-09-09T23:09:27Z" depends-on-methods="com.automationpractice.qa.testcases.Testcases.AutomationPractice_TC03" finished-at="2019-09-09T23:09:32Z">
          <reporter-output>
          </reporter-output>
        </test-method> <!-- AutomationPractice_TC04 -->
        <test-method status="FAIL" signature="AutomationPractice_TC05()[pri:5, instance:com.automationpractice.qa.testcases.Testcases@553f17c]" name="AutomationPractice_TC05" duration-ms="1008" started-at="2019-09-09T23:09:32Z" depends-on-methods="com.automationpractice.qa.testcases.Testcases.AutomationPractice_TC01" finished-at="2019-09-09T23:09:33Z">
          <exception class="java.lang.AssertionError">
            <message>
              <![CDATA[The following asserts failed:
	Invalid email address. expected [Invalid email address.] but found [123456]]]>
            </message>
            <full-stacktrace>
              <![CDATA[java.lang.AssertionError: The following asserts failed:
	Invalid email address. expected [Invalid email address.] but found [123456]
	at org.testng.asserts.SoftAssert.assertAll(SoftAssert.java:43)
	at com.automationpractice.qa.pages.AccountLoginPage.LoginFail(AccountLoginPage.java:95)
	at com.automationpractice.qa.testcases.Testcases.AutomationPractice_TC05(Testcases.java:115)
	at sun.reflect.NativeMethodAccessorImpl.invoke0(Native Method)
	at sun.reflect.NativeMethodAccessorImpl.invoke(NativeMethodAccessorImpl.java:62)
	at sun.reflect.DelegatingMethodAccessorImpl.invoke(DelegatingMethodAccessorImpl.java:43)
	at java.lang.reflect.Method.invoke(Method.java:498)
	at org.testng.internal.MethodInvocationHelper.invokeMethod(MethodInvocationHelper.java:108)
	at org.testng.internal.Invoker.invokeMethod(Invoker.java:661)
	at org.testng.internal.Invoker.invokeTestMethod(Invoker.java:869)
	at org.testng.internal.Invoker.invokeTestMethods(Invoker.java:1193)
	at org.testng.internal.TestMethodWorker.invokeTestMethods(TestMethodWorker.java:126)
	at org.testng.internal.TestMethodWorker.run(TestMethodWorker.java:109)
	at org.testng.TestRunner.privateRun(TestRunner.java:744)
	at org.testng.TestRunner.run(TestRunner.java:602)
	at org.testng.SuiteRunner.runTest(SuiteRunner.java:380)
	at org.testng.SuiteRunner.runSequentially(SuiteRunner.java:375)
	at org.testng.SuiteRunner.privateRun(SuiteRunner.java:340)
	at org.testng.SuiteRunner.run(SuiteRunner.java:289)
	at org.testng.SuiteRunnerWorker.runSuite(SuiteRunnerWorker.java:52)
	at org.testng.SuiteRunnerWorker.run(SuiteRunnerWorker.java:86)
	at org.testng.TestNG.runSuitesSequentially(TestNG.java:1301)
	at org.testng.TestNG.runSuitesLocally(TestNG.java:1226)
	at org.testng.TestNG.runSuites(TestNG.java:1144)
	at org.testng.TestNG.run(TestNG.java:1115)
	at org.apache.maven.surefire.testng.TestNGExecutor.run(TestNGExecutor.java:77)
	at org.apache.maven.surefire.testng.TestNGDirectoryTestSuite.execute(TestNGDirectoryTestSuite.java:110)
	at org.apache.maven.surefire.testng.TestNGProvider.invoke(TestNGProvider.java:106)
	at sun.reflect.NativeMethodAccessorImpl.invoke0(Native Method)
	at sun.reflect.NativeMethodAccessorImpl.invoke(NativeMethodAccessorImpl.java:62)
	at sun.reflect.DelegatingMethodAccessorImpl.invoke(DelegatingMethodAccessorImpl.java:43)
	at java.lang.reflect.Method.invoke(Method.java:498)
	at org.apache.maven.surefire.util.ReflectionUtils.invokeMethodWithArray(ReflectionUtils.java:189)
	at org.apache.maven.surefire.booter.ProviderFactory$ProviderProxy.invoke(ProviderFactory.java:165)
	at org.apache.maven.surefire.booter.ProviderFactory.invokeProvider(ProviderFactory.java:85)
	at org.apache.maven.surefire.booter.ForkedBooter.runSuitesInProcess(ForkedBooter.java:115)
	at org.apache.maven.surefire.booter.ForkedBooter.main(ForkedBooter.java:75)
]]>
            </full-stacktrace>
          </exception> <!-- java.lang.AssertionError -->
          <reporter-output>
          </reporter-output>
        </test-method> <!-- AutomationPractice_TC05 -->
        <test-method status="PASS" signature="tearDown()[pri:0, instance:com.automationpractice.qa.testcases.Testcases@553f17c]" name="tearDown" is-config="true" duration-ms="1475" started-at="2019-09-09T23:09:34Z" finished-at="2019-09-09T23:09:35Z">
          <reporter-output>
          </reporter-output>
        </test-method> <!-- tearDown -->
      </class> <!-- com.automationpractice.qa.testcases.Testcases -->
    </test> <!-- Command line test -->
  </suite> <!-- com.automationpractice.qa.testcases.Testcases -->
</testng-results>
